<?xml version="1.0" encoding="UTF-8"?>
<testng-results skipped="0" failed="0" total="1" passed="1">
  <reporter-output>
  </reporter-output>
  <suite name="Default suite" duration-ms="16761" started-at="2016-03-25T10:54:24Z" finished-at="2016-03-25T10:54:40Z">
    <groups>
    </groups>
    <test name="Default test" duration-ms="16761" started-at="2016-03-25T10:54:24Z" finished-at="2016-03-25T10:54:40Z">
      <class name="andhrajyothi">
        <test-method status="PASS" signature="setup()[pri:0, instance:andhrajyothi@5be470fd]" name="setup" is-config="true" duration-ms="12590" started-at="2016-03-25T16:24:24Z" finished-at="2016-03-25T16:24:36Z">
          <reporter-output>
          </reporter-output>
        </test-method> <!-- setup -->
        <test-method status="PASS" signature="ww()[pri:0, instance:andhrajyothi@5be470fd]" name="ww" duration-ms="4136" started-at="2016-03-25T16:24:36Z" finished-at="2016-03-25T16:24:40Z">
          <reporter-output>
          </reporter-output>
        </test-method> <!-- ww -->
      </class> <!-- andhrajyothi -->
    </test> <!-- Default test -->
  </suite> <!-- Default suite -->
</testng-results>
